<?xml version="1.0" encoding="UTF-8"?>
<!-- Generated by org.testng.reporters.JUnitReportReporter -->
<testsuite skipped="0" hostname="DESKTOP-FC96PB9" name="org.testng.maven.test.CasaGrande" tests="1" failures="0" timestamp="12 Feb 2020 11:39:39 GMT" time="39.130" errors="0">
  <testcase name="test" time="39.130" classname="org.testng.maven.test.CasaGrande"/>
</testsuite> <!-- org.testng.maven.test.CasaGrande -->
