<?xml version="1.0" encoding="UTF-8"?>
<!-- Generated by org.testng.reporters.JUnitReportReporter -->
<testsuite skipped="0" hostname="DESKTOP-FC96PB9" name="org.testng.maven.test.Radiance" tests="1" failures="0" timestamp="20 Jan 2020 16:33:09 GMT" time="593.466" errors="0">
  <testcase name="test" time="593.466" classname="org.testng.maven.test.Radiance"/>
</testsuite> <!-- org.testng.maven.test.Radiance -->
