<?xml version="1.0" encoding="UTF-8"?>
<!-- Generated by org.testng.reporters.JUnitReportReporter -->
<testsuite skipped="0" hostname="DESKTOP-FC96PB9" name="org.testng.maven.DomesticRealtyProject.CasaGrande" tests="1" failures="0" timestamp="11 Jan 2020 11:53:20 GMT" time="0.016" errors="0">
  <testcase name="test" time="0.016" classname="org.testng.maven.DomesticRealtyProject.CasaGrande"/>
</testsuite> <!-- org.testng.maven.DomesticRealtyProject.CasaGrande -->
