<?xml version="1.0" encoding="UTF-8"?>
<!-- Generated by org.testng.reporters.JUnitReportReporter -->
<testsuite skipped="0" hostname="DESKTOP-FC96PB9" name="org.testng.maven.test.DomesticRealty2" tests="1" failures="0" timestamp="12 Jan 2020 07:37:53 GMT" time="30.400" errors="0">
  <testcase name="test" time="30.400" classname="org.testng.maven.test.DomesticRealty2"/>
</testsuite> <!-- org.testng.maven.test.DomesticRealty2 -->
